<?xml version="1.0" encoding="UTF-8"?>
<testsuite xmlns:xsi="http://www.w3.org/2001/XMLSchema-instance" xsi:schemaLocation="https://maven.apache.org/surefire/maven-surefire-plugin/xsd/surefire-test-report.xsd" name="MULE_EE.4.9.3.user-identity-mgmt-sys-api-test-suite" time="0.0" failures="0" errors="1" skipped="0" tests="1">
  <properties>
[...]
</properties>
  <testcase time="0.0" name="user-identity-mgmt-sys-api-test-suite.xml" classname="MULE_EE.4.9.3.user-identity-mgmt-sys-api-test-suite">
    <error>java.lang.IllegalStateException: Cannot create embedded container
	at Loader-org.mule.runtime.embedded.api/org.mule.runtime.embedded.api@1.10.0/org.mule.runtime.module.embedded.internal.DefaultEmbeddedContainerBuilder.build(DefaultEmbeddedContainerBuilder.java:130)
	at Loader-munit.remote/munit.remote@3.6.1/org.mule.munit.remote.container.EmbeddedContainerFactory.createContainer(EmbeddedContainerFactory.java:78)
	at Loader-munit.remote/munit.remote@3.6.1/org.mule.munit.remote.SuiteRunDispatcherFactory.create(SuiteRunDispatcherFactory.java:40)
	at Loader-munit.remote/munit.remote@3.6.1/org.mule.munit.remote.RemoteRunner.buildSuiteRunDispatcher(RemoteRunner.java:117)
	at Loader-munit.remote/munit.remote@3.6.1/org.mule.munit.remote.RemoteRunner.run(RemoteRunner.java:96)
	at Loader-munit.remote/munit.remote@3.6.1/org.mule.munit.remote.RemoteRunner.main(RemoteRunner.java:73)
	at Loader-munit.remote/munit.remote@3.6.1/org.mule.munit.remote.RemoteRunner.mainStarter(RemoteRunner.java:80)
	at java.base/jdk.internal.reflect.NativeMethodAccessorImpl.invoke0(Native Method)
	at java.base/jdk.internal.reflect.NativeMethodAccessorImpl.invoke(NativeMethodAccessorImpl.java:77)
	at java.base/jdk.internal.reflect.DelegatingMethodAccessorImpl.invoke(DelegatingMethodAccessorImpl.java:43)
	at java.base/java.lang.reflect.Method.invoke(Method.java:569)
	at munit.starter@3.6.1/org.mule.munit.starter.LayerStarter.main(LayerStarter.java:82)
Caused by: java.lang.IllegalArgumentException: Could not find embedded container bom artifact
	at Loader-org.mule.runtime.embedded.api/org.mule.runtime.embedded.api@1.10.0/org.mule.runtime.module.embedded.internal.MavenContainerOptSeparateClassLoaderFactory.create(MavenContainerOptSeparateClassLoaderFactory.java:75)
	at Loader-org.mule.runtime.embedded.api/org.mule.runtime.embedded.api@1.10.0/org.mule.runtime.module.embedded.internal.DefaultEmbeddedContainerBuilder.build(DefaultEmbeddedContainerBuilder.java:124)
	... 11 more
Caused by: org.mule.maven.client.api.BundleDependenciesResolutionException: org.eclipse.aether.resolution.ArtifactDescriptorException: Failed to read artifact descriptor for com.mulesoft.mule.distributions:mule-runtime-impl-no-services-bom:pom:4.9.3
	at Loader-org.mule.runtime.maven.client.impl/org.mule.runtime.maven.client.impl@2.5.0/org.mule.maven.client.internal.MuleMavenClient.resolveBundleDescriptorDependencies(MuleMavenClient.java:318)
	at Loader-org.mule.runtime.maven.client.impl/org.mule.runtime.maven.client.impl@2.5.0/org.mule.maven.client.internal.MuleMavenClient.resolveBundleDescriptorDependencies(MuleMavenClient.java:276)
	at Loader-org.mule.runtime.embedded.api/org.mule.runtime.embedded.api@1.10.0/org.mule.runtime.module.embedded.internal.dependencies.DefaultDependencyResolver.resolveBundleDescriptorDependencies(DefaultDependencyResolver.java:26)
	at Loader-org.mule.runtime.embedded.api/org.mule.runtime.embedded.api@1.10.0/org.mule.runtime.module.embedded.internal.MavenClientMuleDependenciesResolver.resolveContainerDependencies(MavenClientMuleDependenciesResolver.java:93)
	at Loader-org.mule.runtime.embedded.api/org.mule.runtime.embedded.api@1.10.0/org.mule.runtime.module.embedded.internal.MavenClientMuleDependenciesResolver.resolveMuleLibs(MavenClientMuleDependenciesResolver.java:76)
	at Loader-org.mule.runtime.embedded.api/org.mule.runtime.embedded.api@1.10.0/org.mule.runtime.module.embedded.internal.MavenContainerOptSeparateClassLoaderFactory.create(MavenContainerOptSeparateClassLoaderFactory.java:65)
	... 12 more
Caused by: org.eclipse.aether.resolution.ArtifactDescriptorException: Failed to read artifact descriptor for com.mulesoft.mule.distributions:mule-runtime-impl-no-services-bom:pom:4.9.3
	at Loader-maven.resolver.provider/maven.resolver.provider@3.9.6/org.apache.maven.repository.internal.DefaultArtifactDescriptorReader.loadPom(DefaultArtifactDescriptorReader.java:245)
	at Loader-maven.resolver.provider/maven.resolver.provider@3.9.6/org.apache.maven.repository.internal.DefaultArtifactDescriptorReader.readArtifactDescriptor(DefaultArtifactDescriptorReader.java:175)
	at Loader-org.apache.maven.resolver.impl/org.apache.maven.resolver.impl@1.9.22/org.eclipse.aether.internal.impl.DefaultRepositorySystem.readArtifactDescriptor(DefaultRepositorySystem.java:269)
	at Loader-org.mule.runtime.maven.client.impl/org.mule.runtime.maven.client.impl@2.5.0/org.mule.maven.client.internal.MuleMavenClient.resolveBundleDescriptorDependencies(MuleMavenClient.java:288)
	... 17 more
Caused by: org.eclipse.aether.resolution.ArtifactResolutionException: The following artifacts could not be resolved: com.mulesoft.mule.distributions:mule-runtime-impl-no-services-bom:pom:4.9.3 (absent): com.mulesoft.mule.distributions:mule-runtime-impl-no-services-bom:pom:4.9.3 was not found in https://repo.maven.apache.org/maven2/ during a previous attempt. This failure was cached in the local repository and resolution is not reattempted until the update interval of maven-central has elapsed or updates are forced
	at Loader-org.apache.maven.resolver.impl/org.apache.maven.resolver.impl@1.9.22/org.eclipse.aether.internal.impl.DefaultArtifactResolver.resolve(DefaultArtifactResolver.java:473)
	at Loader-org.apache.maven.resolver.impl/org.apache.maven.resolver.impl@1.9.22/org.eclipse.aether.internal.impl.DefaultArtifactResolver.resolveArtifacts(DefaultArtifactResolver.java:261)
	at Loader-org.apache.maven.resolver.impl/org.apache.maven.resolver.impl@1.9.22/org.eclipse.aether.internal.impl.DefaultArtifactResolver.resolveArtifact(DefaultArtifactResolver.java:243)
	at Loader-maven.resolver.provider/maven.resolver.provider@3.9.6/org.apache.maven.repository.internal.DefaultArtifactDescriptorReader.loadPom(DefaultArtifactDescriptorReader.java:234)
	... 20 more
Caused by: org.eclipse.aether.transfer.ArtifactNotFoundException: com.mulesoft.mule.distributions:mule-runtime-impl-no-services-bom:pom:4.9.3 was not found in https://repo.maven.apache.org/maven2/ during a previous attempt. This failure was cached in the local repository and resolution is not reattempted until the update interval of maven-central has elapsed or updates are forced
	at Loader-org.apache.maven.resolver.impl/org.apache.maven.resolver.impl@1.9.22/org.eclipse.aether.internal.impl.DefaultUpdateCheckManager.newException(DefaultUpdateCheckManager.java:225)
	at Loader-org.apache.maven.resolver.impl/org.apache.maven.resolver.impl@1.9.22/org.eclipse.aether.internal.impl.DefaultUpdateCheckManager.checkArtifact(DefaultUpdateCheckManager.java:201)
	at Loader-org.apache.maven.resolver.impl/org.apache.maven.resolver.impl@1.9.22/org.eclipse.aether.internal.impl.DefaultArtifactResolver.gatherDownloads(DefaultArtifactResolver.java:586)
	at Loader-org.apache.maven.resolver.impl/org.apache.maven.resolver.impl@1.9.22/org.eclipse.aether.internal.impl.DefaultArtifactResolver.performDownloads(DefaultArtifactResolver.java:525)
	at Loader-org.apache.maven.resolver.impl/org.apache.maven.resolver.impl@1.9.22/org.eclipse.aether.internal.impl.DefaultArtifactResolver.resolve(DefaultArtifactResolver.java:449)
	... 23 more
</error>
  </testcase>
</testsuite>